c:\users\asch\desktop\projects\gameboy-emulator\gameboy-emulator\x64\debug\vc143.pdb
c:\users\asch\desktop\projects\gameboy-emulator\gameboy-emulator\x64\debug\vc143.idb
c:\users\asch\desktop\projects\gameboy-emulator\gameboy-emulator\x64\debug\main.obj
c:\users\asch\desktop\projects\gameboy-emulator\gameboy-emulator\x64\debug\gameboy.obj
c:\users\asch\desktop\projects\gameboy-emulator\gameboy-emulator\x64\debug\cpu.obj
c:\users\asch\desktop\projects\gameboy-emulator\gameboy-emulator\x64\debug\memorybus.obj
c:\users\asch\desktop\projects\gameboy-emulator\gameboy-emulator\x64\debug\debugger.obj
c:\users\asch\desktop\projects\gameboy-emulator\gameboy-emulator\x64\debug\rlimgui.obj
c:\users\asch\desktop\projects\gameboy-emulator\gameboy-emulator\x64\debug\imgui_widgets.obj
c:\users\asch\desktop\projects\gameboy-emulator\gameboy-emulator\x64\debug\imgui_tables.obj
c:\users\asch\desktop\projects\gameboy-emulator\gameboy-emulator\x64\debug\imgui_draw.obj
c:\users\asch\desktop\projects\gameboy-emulator\gameboy-emulator\x64\debug\imgui.obj
c:\users\asch\desktop\projects\gameboy-emulator\gameboy-emulator\x64\debug\cartridge.obj
c:\users\asch\desktop\projects\gameboy-emulator\gameboy-emulator\x64\debug\ppu.obj
c:\users\asch\desktop\projects\gameboy-emulator\x64\debug\gameboy-emulator.exe
c:\users\asch\desktop\projects\gameboy-emulator\x64\debug\gameboy-emulator.pdb
c:\users\asch\desktop\projects\gameboy-emulator\gameboy-emulator\x64\debug\gameboy-emulator.ilk
c:\users\asch\desktop\projects\gameboy-emulator\gameboy-emulator\x64\debug\gameboy-emulator.tlog\cl.command.1.tlog
c:\users\asch\desktop\projects\gameboy-emulator\gameboy-emulator\x64\debug\gameboy-emulator.tlog\cl.items.tlog
c:\users\asch\desktop\projects\gameboy-emulator\gameboy-emulator\x64\debug\gameboy-emulator.tlog\cl.read.1.tlog
c:\users\asch\desktop\projects\gameboy-emulator\gameboy-emulator\x64\debug\gameboy-emulator.tlog\cl.write.1.tlog
c:\users\asch\desktop\projects\gameboy-emulator\gameboy-emulator\x64\debug\gameboy-emulator.tlog\link.command.1.tlog
c:\users\asch\desktop\projects\gameboy-emulator\gameboy-emulator\x64\debug\gameboy-emulator.tlog\link.read.1.tlog
c:\users\asch\desktop\projects\gameboy-emulator\gameboy-emulator\x64\debug\gameboy-emulator.tlog\link.secondary.1.tlog
c:\users\asch\desktop\projects\gameboy-emulator\gameboy-emulator\x64\debug\gameboy-emulator.tlog\link.write.1.tlog
